\BOOKMARK [1][-]{section.1}{\376\377\000I\000n\000t\000r\000o\000d\000u\000c\000t\000i\000o\000n}{}% 1
\BOOKMARK [1][-]{section.2}{\376\377\000R\000e\000l\000a\000t\000e\000d\000\040\000W\000o\000r\000k}{}% 2
\BOOKMARK [1][-]{section.3}{\376\377\000P\000r\000o\000b\000l\000e\000m\000\040\000F\000o\000r\000m\000u\000l\000a\000t\000i\000o\000n}{}% 3
\BOOKMARK [2][-]{subsection.3.1}{\376\377\000F\000o\000r\000m\000a\000l\000\040\000D\000e\000f\000i\000n\000i\000t\000i\000o\000n}{section.3}% 4
\BOOKMARK [2][-]{subsection.3.2}{\376\377\000C\000o\000m\000p\000l\000e\000x\000i\000t\000y\000\040\000A\000n\000a\000l\000y\000s\000i\000s}{section.3}% 5
\BOOKMARK [2][-]{subsection.3.3}{\376\377\000I\000n\000s\000t\000a\000n\000c\000e\000\040\000G\000e\000n\000e\000r\000a\000t\000i\000o\000n}{section.3}% 6
\BOOKMARK [1][-]{section.4}{\376\377\000M\000e\000t\000h\000o\000d\000o\000l\000o\000g\000y}{}% 7
\BOOKMARK [2][-]{subsection.4.1}{\376\377\000E\000n\000c\000o\000d\000i\000n\000g\000\040\000S\000t\000r\000a\000t\000e\000g\000i\000e\000s}{section.4}% 8
\BOOKMARK [3][-]{subsubsection.4.1.1}{\376\377\000E\000n\000c\000o\000d\000i\000n\000g\000\040\0001\000:\000\040\000B\000i\000n\000a\000r\000y\000\040\000V\000e\000c\000t\000o\000r}{subsection.4.1}% 9
\BOOKMARK [3][-]{subsubsection.4.1.2}{\376\377\000E\000n\000c\000o\000d\000i\000n\000g\000\040\0002\000:\000\040\000S\000e\000t\000-\000B\000a\000s\000e\000d}{subsection.4.1}% 10
\BOOKMARK [3][-]{subsubsection.4.1.3}{\376\377\000E\000n\000c\000o\000d\000i\000n\000g\000\040\0003\000:\000\040\000E\000d\000g\000e\000-\000C\000e\000n\000t\000r\000i\000c}{subsection.4.1}% 11
\BOOKMARK [2][-]{subsection.4.2}{\376\377\000F\000i\000t\000n\000e\000s\000s\000\040\000F\000u\000n\000c\000t\000i\000o\000n\000s}{section.4}% 12
\BOOKMARK [3][-]{subsubsection.4.2.1}{\376\377\000F\000i\000t\000n\000e\000s\000s\000\040\000F\000u\000n\000c\000t\000i\000o\000n\000\040\0001\000:\000\040\000C\000o\000v\000e\000r\000\040\000S\000i\000z\000e\000\040\000M\000i\000n\000i\000m\000i\000z\000a\000t\000i\000o\000n}{subsection.4.2}% 13
\BOOKMARK [3][-]{subsubsection.4.2.2}{\376\377\000F\000i\000t\000n\000e\000s\000s\000\040\000F\000u\000n\000c\000t\000i\000o\000n\000\040\0002\000:\000\040\000C\000o\000n\000s\000t\000r\000a\000i\000n\000t\000\040\000P\000e\000n\000a\000l\000t\000y}{subsection.4.2}% 14
\BOOKMARK [3][-]{subsubsection.4.2.3}{\376\377\000F\000i\000t\000n\000e\000s\000s\000\040\000F\000u\000n\000c\000t\000i\000o\000n\000\040\0003\000:\000\040\000M\000u\000l\000t\000i\000-\000O\000b\000j\000e\000c\000t\000i\000v\000e\000\040\000E\000d\000g\000e\000\040\000C\000o\000v\000e\000r\000a\000g\000e}{subsection.4.2}% 15
\BOOKMARK [2][-]{subsection.4.3}{\376\377\000A\000l\000g\000o\000r\000i\000t\000h\000m\000\040\000I\000m\000p\000l\000e\000m\000e\000n\000t\000a\000t\000i\000o\000n\000s}{section.4}% 16
\BOOKMARK [3][-]{subsubsection.4.3.1}{\376\377\000G\000e\000n\000e\000t\000i\000c\000\040\000A\000l\000g\000o\000r\000i\000t\000h\000m}{subsection.4.3}% 17
\BOOKMARK [3][-]{subsubsection.4.3.2}{\376\377\000S\000i\000m\000u\000l\000a\000t\000e\000d\000\040\000A\000n\000n\000e\000a\000l\000i\000n\000g}{subsection.4.3}% 18
\BOOKMARK [3][-]{subsubsection.4.3.3}{\376\377\000T\000a\000b\000u\000\040\000S\000e\000a\000r\000c\000h}{subsection.4.3}% 19
\BOOKMARK [2][-]{subsection.4.4}{\376\377\000E\000x\000p\000e\000r\000i\000m\000e\000n\000t\000a\000l\000\040\000S\000e\000t\000u\000p}{section.4}% 20
\BOOKMARK [1][-]{section.5}{\376\377\000E\000x\000p\000e\000r\000i\000m\000e\000n\000t\000a\000l\000\040\000R\000e\000s\000u\000l\000t\000s}{}% 21
\BOOKMARK [2][-]{subsection.5.1}{\376\377\000S\000u\000m\000m\000a\000r\000y\000\040\000S\000t\000a\000t\000i\000s\000t\000i\000c\000s}{section.5}% 22
\BOOKMARK [2][-]{subsection.5.2}{\376\377\000I\000n\000s\000t\000a\000n\000c\000e\000-\000S\000p\000e\000c\000i\000f\000i\000c\000\040\000A\000n\000a\000l\000y\000s\000i\000s}{section.5}% 23
\BOOKMARK [2][-]{subsection.5.3}{\376\377\000E\000n\000c\000o\000d\000i\000n\000g\000\040\000I\000m\000p\000a\000c\000t\000\040\000A\000n\000a\000l\000y\000s\000i\000s}{section.5}% 24
\BOOKMARK [2][-]{subsection.5.4}{\376\377\000F\000i\000t\000n\000e\000s\000s\000\040\000F\000u\000n\000c\000t\000i\000o\000n\000\040\000I\000m\000p\000a\000c\000t}{section.5}% 25
\BOOKMARK [1][-]{section.6}{\376\377\000D\000i\000s\000c\000u\000s\000s\000i\000o\000n}{}% 26
\BOOKMARK [2][-]{subsection.6.1}{\376\377\000A\000l\000g\000o\000r\000i\000t\000h\000m\000\040\000P\000e\000r\000f\000o\000r\000m\000a\000n\000c\000e\000\040\000A\000n\000a\000l\000y\000s\000i\000s}{section.6}% 27
\BOOKMARK [3][-]{subsubsection.6.1.1}{\376\377\000T\000a\000b\000u\000\040\000S\000e\000a\000r\000c\000h\000\040\000S\000u\000p\000e\000r\000i\000o\000r\000i\000t\000y}{subsection.6.1}% 28
\BOOKMARK [3][-]{subsubsection.6.1.2}{\376\377\000G\000e\000n\000e\000t\000i\000c\000\040\000A\000l\000g\000o\000r\000i\000t\000h\000m\000\040\000R\000o\000b\000u\000s\000t\000n\000e\000s\000s}{subsection.6.1}% 29
\BOOKMARK [3][-]{subsubsection.6.1.3}{\376\377\000S\000i\000m\000u\000l\000a\000t\000e\000d\000\040\000A\000n\000n\000e\000a\000l\000i\000n\000g\000\040\000T\000r\000a\000d\000e\000-\000o\000f\000f\000s}{subsection.6.1}% 30
\BOOKMARK [2][-]{subsection.6.2}{\376\377\000E\000n\000c\000o\000d\000i\000n\000g\000\040\000v\000s\000.\000\040\000A\000l\000g\000o\000r\000i\000t\000h\000m\000\040\000T\000r\000a\000d\000e\000-\000o\000f\000f}{section.6}% 31
\BOOKMARK [2][-]{subsection.6.3}{\376\377\000F\000e\000a\000s\000i\000b\000i\000l\000i\000t\000y\000\040\000C\000h\000a\000l\000l\000e\000n\000g\000e}{section.6}% 32
\BOOKMARK [2][-]{subsection.6.4}{\376\377\000S\000c\000a\000l\000a\000b\000i\000l\000i\000t\000y\000\040\000O\000b\000s\000e\000r\000v\000a\000t\000i\000o\000n\000s}{section.6}% 33
\BOOKMARK [2][-]{subsection.6.5}{\376\377\000D\000e\000s\000i\000g\000n\000\040\000C\000h\000o\000i\000c\000e\000s\000\040\000a\000n\000d\000\040\000L\000i\000m\000i\000t\000a\000t\000i\000o\000n\000s}{section.6}% 34
\BOOKMARK [3][-]{subsubsection.6.5.1}{\376\377\000J\000u\000s\000t\000i\000f\000i\000e\000d\000\040\000D\000e\000s\000i\000g\000n\000\040\000C\000h\000o\000i\000c\000e\000s}{subsection.6.5}% 35
\BOOKMARK [3][-]{subsubsection.6.5.2}{\376\377\000L\000i\000m\000i\000t\000a\000t\000i\000o\000n\000s}{subsection.6.5}% 36
\BOOKMARK [1][-]{section.7}{\376\377\000C\000o\000n\000c\000l\000u\000s\000i\000o\000n}{}% 37
\BOOKMARK [1][-]{section.8}{\376\377\000F\000u\000t\000u\000r\000e\000\040\000W\000o\000r\000k}{}% 38
